Starting Nmap 7.91 ( https://nmap.org ) at 2021-11-12 13:21 EST
Nmap scan report for 10.10.10.16
Host is up (0.00040s latency).
Not shown: 65530 closed ports
PORT    STATE SERVICE
22/tcp  open  ssh
25/tcp  open  smtp
80/tcp  open  http
139/tcp open  netbios-ssn
445/tcp open  microsoft-ds
MAC Address: 08:00:27:22:C7:78 (Oracle VirtualBox virtual NIC)

Nmap done: 1 IP address (1 host up) scanned in 3.06 seconds
Starting Nmap 7.91 ( https://nmap.org ) at 2021-11-12 13:24 EST
Nmap scan report for 10.10.10.16
Host is up (0.00041s latency).

PORT    STATE SERVICE     VERSION
22/tcp  open  ssh         OpenSSH 7.4p1 Debian 10+deb9u6 (protocol 2.0)
| ssh-hostkey: 
|   2048 ab:5b:45:a7:05:47:a5:04:45:ca:6f:18:bd:18:03:c2 (RSA)
|   256 a0:5f:40:0a:0a:1f:68:35:3e:f4:54:07:61:9f:c6:4a (ECDSA)
|_  256 bc:31:f5:40:bc:08:58:4b:fb:66:17:ff:84:12:ac:1d (ED25519)
25/tcp  open  smtp        Postfix smtpd
|_smtp-commands: symfonos.localdomain, PIPELINING, SIZE 10240000, VRFY, ETRN, STARTTLS, ENHANCEDSTATUSCODES, 8BITMIME, DSN, SMTPUTF8, 
| ssl-cert: Subject: commonName=symfonos
| Subject Alternative Name: DNS:symfonos
| Not valid before: 2019-06-29T00:29:42
|_Not valid after:  2029-06-26T00:29:42
|_ssl-date: TLS randomness does not represent time
80/tcp  open  http        Apache httpd 2.4.25 ((Debian))
|_http-server-header: Apache/2.4.25 (Debian)
|_http-title: Site doesn't have a title (text/html).
139/tcp open  netbios-ssn Samba smbd 3.X - 4.X (workgroup: WORKGROUP)
445/tcp open  netbios-ssn Samba smbd 4.5.16-Debian (workgroup: WORKGROUP)
MAC Address: 08:00:27:22:C7:78 (Oracle VirtualBox virtual NIC)
Service Info: Hosts:  symfonos.localdomain, SYMFONOS; OS: Linux; CPE: cpe:/o:linux:linux_kernel

Host script results:
|_clock-skew: mean: 7h29m58s, deviation: 3h27m51s, median: 5h29m57s
|_nbstat: NetBIOS name: SYMFONOS, NetBIOS user: <unknown>, NetBIOS MAC: <unknown> (unknown)
| smb-os-discovery: 
|   OS: Windows 6.1 (Samba 4.5.16-Debian)
|   Computer name: symfonos
|   NetBIOS computer name: SYMFONOS\x00
|   Domain name: \x00
|   FQDN: symfonos
|_  System time: 2021-11-12T17:54:50-06:00
| smb-security-mode: 
|   account_used: guest
|   authentication_level: user
|   challenge_response: supported
|_  message_signing: disabled (dangerous, but default)
| smb2-security-mode: 
|   2.02: 
|_    Message signing enabled but not required
| smb2-time: 
|   date: 2021-11-12T23:54:50
|_  start_date: N/A

Service detection performed. Please report any incorrect results at https://nmap.org/submit/ .
Nmap done: 1 IP address (1 host up) scanned in 14.15 seconds
