Starting enum4linux v0.8.9 ( http://labs.portcullis.co.uk/application/enum4linux/ ) on Sun Nov 14 13:05:19 2021

 ========================== 
|    Target Information    |
 ========================== 
Target ........... 10.10.10.17
RID Range ........ 500-550,1000-1050
Username ......... ''
Password ......... ''
Known Usernames .. administrator, guest, krbtgt, domain admins, root, bin, none


 =================================================== 
|    Enumerating Workgroup/Domain on 10.10.10.17    |
 =================================================== 
[+] Got domain/workgroup name: WORKGROUP

 =========================================== 
|    Nbtstat Information for 10.10.10.17    |
 =========================================== 
Looking up status of 10.10.10.17
	SYMFONOS2       <00> -         B <ACTIVE>  Workstation Service
	SYMFONOS2       <03> -         B <ACTIVE>  Messenger Service
	SYMFONOS2       <20> -         B <ACTIVE>  File Server Service
	..__MSBROWSE__. <01> - <GROUP> B <ACTIVE>  Master Browser
	WORKGROUP       <00> - <GROUP> B <ACTIVE>  Domain/Workgroup Name
	WORKGROUP       <1d> -         B <ACTIVE>  Master Browser
	WORKGROUP       <1e> - <GROUP> B <ACTIVE>  Browser Service Elections

	MAC Address = 00-00-00-00-00-00

 ==================================== 
|    Session Check on 10.10.10.17    |
 ==================================== 
[+] Server 10.10.10.17 allows sessions using username '', password ''

 ========================================== 
|    Getting domain SID for 10.10.10.17    |
 ========================================== 
Domain Name: WORKGROUP
Domain Sid: (NULL SID)
[+] Can't determine if host is part of domain or part of a workgroup

 ===================================== 
|    OS information on 10.10.10.17    |
 ===================================== 
[+] Got OS info for 10.10.10.17 from smbclient: 
[+] Got OS info for 10.10.10.17 from srvinfo:
	SYMFONOS2      Wk Sv PrQ Unx NT SNT Samba 4.5.16-Debian
	platform_id     :	500
	os version      :	6.1
	server type     :	0x809a03

 ============================ 
|    Users on 10.10.10.17    |
 ============================ 


 ======================================== 
|    Share Enumeration on 10.10.10.17    |
 ======================================== 

	Sharename       Type      Comment
	---------       ----      -------
	print$          Disk      Printer Drivers
	anonymous       Disk      
	IPC$            IPC       IPC Service (Samba 4.5.16-Debian)
SMB1 disabled -- no workgroup available

[+] Attempting to map shares on 10.10.10.17
//10.10.10.17/print$	Mapping: DENIED, Listing: N/A
//10.10.10.17/anonymous	Mapping: OK, Listing: OK
//10.10.10.17/IPC$	[E] Can't understand response:
NT_STATUS_OBJECT_NAME_NOT_FOUND listing \*

 =================================================== 
|    Password Policy Information for 10.10.10.17    |
 =================================================== 


[+] Attaching to 10.10.10.17 using a NULL share

[+] Trying protocol 139/SMB...

[+] Found domain(s):

	[+] SYMFONOS2
	[+] Builtin

[+] Password Info for Domain: SYMFONOS2

	[+] Minimum password length: 5
	[+] Password history length: None
	[+] Maximum password age: 37 days 6 hours 21 minutes 
	[+] Password Complexity Flags: 000000

		[+] Domain Refuse Password Change: 0
		[+] Domain Password Store Cleartext: 0
		[+] Domain Password Lockout Admins: 0
		[+] Domain Password No Clear Change: 0
		[+] Domain Password No Anon Change: 0
		[+] Domain Password Complex: 0

	[+] Minimum password age: None
	[+] Reset Account Lockout Counter: 30 minutes 
	[+] Locked Account Duration: 30 minutes 
	[+] Account Lockout Threshold: None
	[+] Forced Log off Time: 37 days 6 hours 21 minutes 


[+] Retieved partial password policy with rpcclient:

Password Complexity: Disabled
Minimum Password Length: 5


 ============================= 
|    Groups on 10.10.10.17    |
 ============================= 

[+] Getting builtin groups:

[+] Getting builtin group memberships:

[+] Getting local groups:

[+] Getting local group memberships:

[+] Getting domain groups:

[+] Getting domain group memberships:

 ====================================================================== 
|    Users on 10.10.10.17 via RID cycling (RIDS: 500-550,1000-1050)    |
 ====================================================================== 
[I] Found new SID: S-1-22-1
[I] Found new SID: S-1-5-21-629329663-2933547119-2337616968
[I] Found new SID: S-1-5-32
[+] Enumerating users using SID S-1-5-32 and logon username '', password ''
S-1-5-32-500 *unknown*\*unknown* (8)
S-1-5-32-501 *unknown*\*unknown* (8)
S-1-5-32-502 *unknown*\*unknown* (8)
S-1-5-32-503 *unknown*\*unknown* (8)
S-1-5-32-504 *unknown*\*unknown* (8)
S-1-5-32-505 *unknown*\*unknown* (8)
S-1-5-32-506 *unknown*\*unknown* (8)
S-1-5-32-507 *unknown*\*unknown* (8)
S-1-5-32-508 *unknown*\*unknown* (8)
S-1-5-32-509 *unknown*\*unknown* (8)
S-1-5-32-510 *unknown*\*unknown* (8)
S-1-5-32-511 *unknown*\*unknown* (8)
S-1-5-32-512 *unknown*\*unknown* (8)
S-1-5-32-513 *unknown*\*unknown* (8)
S-1-5-32-514 *unknown*\*unknown* (8)
S-1-5-32-515 *unknown*\*unknown* (8)
S-1-5-32-516 *unknown*\*unknown* (8)
S-1-5-32-517 *unknown*\*unknown* (8)
S-1-5-32-518 *unknown*\*unknown* (8)
S-1-5-32-519 *unknown*\*unknown* (8)
S-1-5-32-520 *unknown*\*unknown* (8)
S-1-5-32-521 *unknown*\*unknown* (8)
S-1-5-32-522 *unknown*\*unknown* (8)
S-1-5-32-523 *unknown*\*unknown* (8)
S-1-5-32-524 *unknown*\*unknown* (8)
S-1-5-32-525 *unknown*\*unknown* (8)
S-1-5-32-526 *unknown*\*unknown* (8)
S-1-5-32-527 *unknown*\*unknown* (8)
S-1-5-32-528 *unknown*\*unknown* (8)
S-1-5-32-529 *unknown*\*unknown* (8)
S-1-5-32-530 *unknown*\*unknown* (8)
S-1-5-32-531 *unknown*\*unknown* (8)
S-1-5-32-532 *unknown*\*unknown* (8)
S-1-5-32-533 *unknown*\*unknown* (8)
S-1-5-32-534 *unknown*\*unknown* (8)
S-1-5-32-535 *unknown*\*unknown* (8)
S-1-5-32-536 *unknown*\*unknown* (8)
S-1-5-32-537 *unknown*\*unknown* (8)
S-1-5-32-538 *unknown*\*unknown* (8)
S-1-5-32-539 *unknown*\*unknown* (8)
S-1-5-32-540 *unknown*\*unknown* (8)
S-1-5-32-541 *unknown*\*unknown* (8)
S-1-5-32-542 *unknown*\*unknown* (8)
S-1-5-32-543 *unknown*\*unknown* (8)
S-1-5-32-544 BUILTIN\Administrators (Local Group)
S-1-5-32-545 BUILTIN\Users (Local Group)
S-1-5-32-546 BUILTIN\Guests (Local Group)
S-1-5-32-547 BUILTIN\Power Users (Local Group)
S-1-5-32-548 BUILTIN\Account Operators (Local Group)
S-1-5-32-549 BUILTIN\Server Operators (Local Group)
S-1-5-32-550 BUILTIN\Print Operators (Local Group)
S-1-5-32-1000 *unknown*\*unknown* (8)
S-1-5-32-1001 *unknown*\*unknown* (8)
S-1-5-32-1002 *unknown*\*unknown* (8)
S-1-5-32-1003 *unknown*\*unknown* (8)
S-1-5-32-1004 *unknown*\*unknown* (8)
S-1-5-32-1005 *unknown*\*unknown* (8)
S-1-5-32-1006 *unknown*\*unknown* (8)
S-1-5-32-1007 *unknown*\*unknown* (8)
S-1-5-32-1008 *unknown*\*unknown* (8)
S-1-5-32-1009 *unknown*\*unknown* (8)
S-1-5-32-1010 *unknown*\*unknown* (8)
S-1-5-32-1011 *unknown*\*unknown* (8)
S-1-5-32-1012 *unknown*\*unknown* (8)
S-1-5-32-1013 *unknown*\*unknown* (8)
S-1-5-32-1014 *unknown*\*unknown* (8)
S-1-5-32-1015 *unknown*\*unknown* (8)
S-1-5-32-1016 *unknown*\*unknown* (8)
S-1-5-32-1017 *unknown*\*unknown* (8)
S-1-5-32-1018 *unknown*\*unknown* (8)
S-1-5-32-1019 *unknown*\*unknown* (8)
S-1-5-32-1020 *unknown*\*unknown* (8)
S-1-5-32-1021 *unknown*\*unknown* (8)
S-1-5-32-1022 *unknown*\*unknown* (8)
S-1-5-32-1023 *unknown*\*unknown* (8)
S-1-5-32-1024 *unknown*\*unknown* (8)
S-1-5-32-1025 *unknown*\*unknown* (8)
S-1-5-32-1026 *unknown*\*unknown* (8)
S-1-5-32-1027 *unknown*\*unknown* (8)
S-1-5-32-1028 *unknown*\*unknown* (8)
S-1-5-32-1029 *unknown*\*unknown* (8)
S-1-5-32-1030 *unknown*\*unknown* (8)
S-1-5-32-1031 *unknown*\*unknown* (8)
S-1-5-32-1032 *unknown*\*unknown* (8)
S-1-5-32-1033 *unknown*\*unknown* (8)
S-1-5-32-1034 *unknown*\*unknown* (8)
S-1-5-32-1035 *unknown*\*unknown* (8)
S-1-5-32-1036 *unknown*\*unknown* (8)
S-1-5-32-1037 *unknown*\*unknown* (8)
S-1-5-32-1038 *unknown*\*unknown* (8)
S-1-5-32-1039 *unknown*\*unknown* (8)
S-1-5-32-1040 *unknown*\*unknown* (8)
S-1-5-32-1041 *unknown*\*unknown* (8)
S-1-5-32-1042 *unknown*\*unknown* (8)
S-1-5-32-1043 *unknown*\*unknown* (8)
S-1-5-32-1044 *unknown*\*unknown* (8)
S-1-5-32-1045 *unknown*\*unknown* (8)
S-1-5-32-1046 *unknown*\*unknown* (8)
S-1-5-32-1047 *unknown*\*unknown* (8)
S-1-5-32-1048 *unknown*\*unknown* (8)
S-1-5-32-1049 *unknown*\*unknown* (8)
S-1-5-32-1050 *unknown*\*unknown* (8)
[+] Enumerating users using SID S-1-22-1 and logon username '', password ''
S-1-22-1-1000 Unix User\aeolus (Local User)
S-1-22-1-1001 Unix User\cronus (Local User)
[+] Enumerating users using SID S-1-5-21-629329663-2933547119-2337616968 and logon username '', password ''
S-1-5-21-629329663-2933547119-2337616968-500 *unknown*\*unknown* (8)
S-1-5-21-629329663-2933547119-2337616968-501 SYMFONOS2\nobody (Local User)
S-1-5-21-629329663-2933547119-2337616968-502 *unknown*\*unknown* (8)
S-1-5-21-629329663-2933547119-2337616968-503 *unknown*\*unknown* (8)
S-1-5-21-629329663-2933547119-2337616968-504 *unknown*\*unknown* (8)
S-1-5-21-629329663-2933547119-2337616968-505 *unknown*\*unknown* (8)
S-1-5-21-629329663-2933547119-2337616968-506 *unknown*\*unknown* (8)
S-1-5-21-629329663-2933547119-2337616968-507 *unknown*\*unknown* (8)
S-1-5-21-629329663-2933547119-2337616968-508 *unknown*\*unknown* (8)
S-1-5-21-629329663-2933547119-2337616968-509 *unknown*\*unknown* (8)
S-1-5-21-629329663-2933547119-2337616968-510 *unknown*\*unknown* (8)
S-1-5-21-629329663-2933547119-2337616968-511 *unknown*\*unknown* (8)
S-1-5-21-629329663-2933547119-2337616968-512 *unknown*\*unknown* (8)
S-1-5-21-629329663-2933547119-2337616968-513 SYMFONOS2\None (Domain Group)
S-1-5-21-629329663-2933547119-2337616968-514 *unknown*\*unknown* (8)
S-1-5-21-629329663-2933547119-2337616968-515 *unknown*\*unknown* (8)
S-1-5-21-629329663-2933547119-2337616968-516 *unknown*\*unknown* (8)
S-1-5-21-629329663-2933547119-2337616968-517 *unknown*\*unknown* (8)
S-1-5-21-629329663-2933547119-2337616968-518 *unknown*\*unknown* (8)
S-1-5-21-629329663-2933547119-2337616968-519 *unknown*\*unknown* (8)
S-1-5-21-629329663-2933547119-2337616968-520 *unknown*\*unknown* (8)
S-1-5-21-629329663-2933547119-2337616968-521 *unknown*\*unknown* (8)
S-1-5-21-629329663-2933547119-2337616968-522 *unknown*\*unknown* (8)
S-1-5-21-629329663-2933547119-2337616968-523 *unknown*\*unknown* (8)
S-1-5-21-629329663-2933547119-2337616968-524 *unknown*\*unknown* (8)
S-1-5-21-629329663-2933547119-2337616968-525 *unknown*\*unknown* (8)
S-1-5-21-629329663-2933547119-2337616968-526 *unknown*\*unknown* (8)
S-1-5-21-629329663-2933547119-2337616968-527 *unknown*\*unknown* (8)
S-1-5-21-629329663-2933547119-2337616968-528 *unknown*\*unknown* (8)
S-1-5-21-629329663-2933547119-2337616968-529 *unknown*\*unknown* (8)
S-1-5-21-629329663-2933547119-2337616968-530 *unknown*\*unknown* (8)
S-1-5-21-629329663-2933547119-2337616968-531 *unknown*\*unknown* (8)
S-1-5-21-629329663-2933547119-2337616968-532 *unknown*\*unknown* (8)
S-1-5-21-629329663-2933547119-2337616968-533 *unknown*\*unknown* (8)
S-1-5-21-629329663-2933547119-2337616968-534 *unknown*\*unknown* (8)
S-1-5-21-629329663-2933547119-2337616968-535 *unknown*\*unknown* (8)
S-1-5-21-629329663-2933547119-2337616968-536 *unknown*\*unknown* (8)
S-1-5-21-629329663-2933547119-2337616968-537 *unknown*\*unknown* (8)
S-1-5-21-629329663-2933547119-2337616968-538 *unknown*\*unknown* (8)
S-1-5-21-629329663-2933547119-2337616968-539 *unknown*\*unknown* (8)
S-1-5-21-629329663-2933547119-2337616968-540 *unknown*\*unknown* (8)
S-1-5-21-629329663-2933547119-2337616968-541 *unknown*\*unknown* (8)
S-1-5-21-629329663-2933547119-2337616968-542 *unknown*\*unknown* (8)
S-1-5-21-629329663-2933547119-2337616968-543 *unknown*\*unknown* (8)
S-1-5-21-629329663-2933547119-2337616968-544 *unknown*\*unknown* (8)
S-1-5-21-629329663-2933547119-2337616968-545 *unknown*\*unknown* (8)
S-1-5-21-629329663-2933547119-2337616968-546 *unknown*\*unknown* (8)
S-1-5-21-629329663-2933547119-2337616968-547 *unknown*\*unknown* (8)
S-1-5-21-629329663-2933547119-2337616968-548 *unknown*\*unknown* (8)
S-1-5-21-629329663-2933547119-2337616968-549 *unknown*\*unknown* (8)
S-1-5-21-629329663-2933547119-2337616968-550 *unknown*\*unknown* (8)
S-1-5-21-629329663-2933547119-2337616968-1000 *unknown*\*unknown* (8)
S-1-5-21-629329663-2933547119-2337616968-1001 *unknown*\*unknown* (8)
S-1-5-21-629329663-2933547119-2337616968-1002 *unknown*\*unknown* (8)
S-1-5-21-629329663-2933547119-2337616968-1003 *unknown*\*unknown* (8)
S-1-5-21-629329663-2933547119-2337616968-1004 *unknown*\*unknown* (8)
S-1-5-21-629329663-2933547119-2337616968-1005 *unknown*\*unknown* (8)
S-1-5-21-629329663-2933547119-2337616968-1006 *unknown*\*unknown* (8)
S-1-5-21-629329663-2933547119-2337616968-1007 *unknown*\*unknown* (8)
S-1-5-21-629329663-2933547119-2337616968-1008 *unknown*\*unknown* (8)
S-1-5-21-629329663-2933547119-2337616968-1009 *unknown*\*unknown* (8)
S-1-5-21-629329663-2933547119-2337616968-1010 *unknown*\*unknown* (8)
S-1-5-21-629329663-2933547119-2337616968-1011 *unknown*\*unknown* (8)
S-1-5-21-629329663-2933547119-2337616968-1012 *unknown*\*unknown* (8)
S-1-5-21-629329663-2933547119-2337616968-1013 *unknown*\*unknown* (8)
S-1-5-21-629329663-2933547119-2337616968-1014 *unknown*\*unknown* (8)
S-1-5-21-629329663-2933547119-2337616968-1015 *unknown*\*unknown* (8)
S-1-5-21-629329663-2933547119-2337616968-1016 *unknown*\*unknown* (8)
S-1-5-21-629329663-2933547119-2337616968-1017 *unknown*\*unknown* (8)
S-1-5-21-629329663-2933547119-2337616968-1018 *unknown*\*unknown* (8)
S-1-5-21-629329663-2933547119-2337616968-1019 *unknown*\*unknown* (8)
S-1-5-21-629329663-2933547119-2337616968-1020 *unknown*\*unknown* (8)
S-1-5-21-629329663-2933547119-2337616968-1021 *unknown*\*unknown* (8)
S-1-5-21-629329663-2933547119-2337616968-1022 *unknown*\*unknown* (8)
S-1-5-21-629329663-2933547119-2337616968-1023 *unknown*\*unknown* (8)
S-1-5-21-629329663-2933547119-2337616968-1024 *unknown*\*unknown* (8)
S-1-5-21-629329663-2933547119-2337616968-1025 *unknown*\*unknown* (8)
S-1-5-21-629329663-2933547119-2337616968-1026 *unknown*\*unknown* (8)
S-1-5-21-629329663-2933547119-2337616968-1027 *unknown*\*unknown* (8)
S-1-5-21-629329663-2933547119-2337616968-1028 *unknown*\*unknown* (8)
S-1-5-21-629329663-2933547119-2337616968-1029 *unknown*\*unknown* (8)
S-1-5-21-629329663-2933547119-2337616968-1030 *unknown*\*unknown* (8)
S-1-5-21-629329663-2933547119-2337616968-1031 *unknown*\*unknown* (8)
S-1-5-21-629329663-2933547119-2337616968-1032 *unknown*\*unknown* (8)
S-1-5-21-629329663-2933547119-2337616968-1033 *unknown*\*unknown* (8)
S-1-5-21-629329663-2933547119-2337616968-1034 *unknown*\*unknown* (8)
S-1-5-21-629329663-2933547119-2337616968-1035 *unknown*\*unknown* (8)
S-1-5-21-629329663-2933547119-2337616968-1036 *unknown*\*unknown* (8)
S-1-5-21-629329663-2933547119-2337616968-1037 *unknown*\*unknown* (8)
S-1-5-21-629329663-2933547119-2337616968-1038 *unknown*\*unknown* (8)
S-1-5-21-629329663-2933547119-2337616968-1039 *unknown*\*unknown* (8)
S-1-5-21-629329663-2933547119-2337616968-1040 *unknown*\*unknown* (8)
S-1-5-21-629329663-2933547119-2337616968-1041 *unknown*\*unknown* (8)
S-1-5-21-629329663-2933547119-2337616968-1042 *unknown*\*unknown* (8)
S-1-5-21-629329663-2933547119-2337616968-1043 *unknown*\*unknown* (8)
S-1-5-21-629329663-2933547119-2337616968-1044 *unknown*\*unknown* (8)
S-1-5-21-629329663-2933547119-2337616968-1045 *unknown*\*unknown* (8)
S-1-5-21-629329663-2933547119-2337616968-1046 *unknown*\*unknown* (8)
S-1-5-21-629329663-2933547119-2337616968-1047 *unknown*\*unknown* (8)
S-1-5-21-629329663-2933547119-2337616968-1048 *unknown*\*unknown* (8)
S-1-5-21-629329663-2933547119-2337616968-1049 *unknown*\*unknown* (8)
S-1-5-21-629329663-2933547119-2337616968-1050 *unknown*\*unknown* (8)

 ============================================ 
|    Getting printer info for 10.10.10.17    |
 ============================================ 
No printers returned.


enum4linux complete on Sun Nov 14 13:05:31 2021

