Starting Nmap 7.91 ( https://nmap.org ) at 2021-11-14 15:42 EST
Nmap scan report for 10.10.10.18
Host is up (0.00019s latency).
Not shown: 65532 closed ports
PORT   STATE SERVICE
21/tcp open  ftp
22/tcp open  ssh
80/tcp open  http
MAC Address: 08:00:27:56:6B:C0 (Oracle VirtualBox virtual NIC)

Nmap done: 1 IP address (1 host up) scanned in 2.50 seconds
Starting Nmap 7.91 ( https://nmap.org ) at 2021-11-14 15:42 EST
Nmap scan report for 10.10.10.18
Host is up (0.00045s latency).

PORT   STATE SERVICE VERSION
21/tcp open  ftp     ProFTPD 1.3.5b
|_sslv2-drown: 
| vulners: 
|   cpe:/a:proftpd:proftpd:1.3.5b: 
|     	SAINT:950EB68D408A40399926A4CCAD3CC62E	10.0	https://vulners.com/saint/SAINT:950EB68D408A40399926A4CCAD3CC62E	*EXPLOIT*
|     	SAINT:63FB77B9136D48259E4F0D4CDA35E957	10.0	https://vulners.com/saint/SAINT:63FB77B9136D48259E4F0D4CDA35E957	*EXPLOIT*
|     	SAINT:1B08F4664C428B180EEC9617B41D9A2C	10.0	https://vulners.com/saint/SAINT:1B08F4664C428B180EEC9617B41D9A2C	*EXPLOIT*
|     	PROFTPD_MOD_COPY	10.0	https://vulners.com/canvas/PROFTPD_MOD_COPY	*EXPLOIT*
|     	PACKETSTORM:162777	10.0	https://vulners.com/packetstorm/PACKETSTORM:162777	*EXPLOIT*
|     	PACKETSTORM:132218	10.0	https://vulners.com/packetstorm/PACKETSTORM:132218	*EXPLOIT*
|     	PACKETSTORM:131567	10.0	https://vulners.com/packetstorm/PACKETSTORM:131567	*EXPLOIT*
|     	PACKETSTORM:131555	10.0	https://vulners.com/packetstorm/PACKETSTORM:131555	*EXPLOIT*
|     	PACKETSTORM:131505	10.0	https://vulners.com/packetstorm/PACKETSTORM:131505	*EXPLOIT*
|     	MSF:EXPLOIT/UNIX/FTP/PROFTPD_MODCOPY_EXEC	10.0	https://vulners.com/metasploit/MSF:EXPLOIT/UNIX/FTP/PROFTPD_MODCOPY_EXEC	*EXPLOIT*
|     	EDB-ID:49908	10.0	https://vulners.com/exploitdb/EDB-ID:49908	*EXPLOIT*
|     	EDB-ID:37262	10.0	https://vulners.com/exploitdb/EDB-ID:37262	*EXPLOIT*
|     	EDB-ID:36803	10.0	https://vulners.com/exploitdb/EDB-ID:36803	*EXPLOIT*
|     	EDB-ID:36742	10.0	https://vulners.com/exploitdb/EDB-ID:36742	*EXPLOIT*
|     	CVE-2015-3306	10.0	https://vulners.com/cve/CVE-2015-3306
|     	1337DAY-ID-36298	10.0	https://vulners.com/zdt/1337DAY-ID-36298	*EXPLOIT*
|     	1337DAY-ID-23720	10.0	https://vulners.com/zdt/1337DAY-ID-23720	*EXPLOIT*
|     	1337DAY-ID-23544	10.0	https://vulners.com/zdt/1337DAY-ID-23544	*EXPLOIT*
|     	CVE-2019-12815	7.5	https://vulners.com/cve/CVE-2019-12815
|     	SSV:61050	5.0	https://vulners.com/seebug/SSV:61050	*EXPLOIT*
|     	MSF:ILITIES/SUSE-CVE-2019-18217/	5.0	https://vulners.com/metasploit/MSF:ILITIES/SUSE-CVE-2019-18217/	*EXPLOIT*
|     	CVE-2020-9272	5.0	https://vulners.com/cve/CVE-2020-9272
|     	CVE-2019-19272	5.0	https://vulners.com/cve/CVE-2019-19272
|     	CVE-2019-19271	5.0	https://vulners.com/cve/CVE-2019-19271
|     	CVE-2019-19270	5.0	https://vulners.com/cve/CVE-2019-19270
|     	CVE-2019-18217	5.0	https://vulners.com/cve/CVE-2019-18217
|     	CVE-2016-3125	5.0	https://vulners.com/cve/CVE-2016-3125
|     	CVE-2013-4359	5.0	https://vulners.com/cve/CVE-2013-4359
|_    	CVE-2017-7418	2.1	https://vulners.com/cve/CVE-2017-7418
22/tcp open  ssh     OpenSSH 7.4p1 Debian 10+deb9u6 (protocol 2.0)
| vulners: 
|   cpe:/a:openbsd:openssh:7.4p1: 
|     	MSF:ILITIES/UBUNTU-CVE-2019-6111/	5.8	https://vulners.com/metasploit/MSF:ILITIES/UBUNTU-CVE-2019-6111/	*EXPLOIT*
|     	MSF:ILITIES/SUSE-CVE-2019-6111/	5.8	https://vulners.com/metasploit/MSF:ILITIES/SUSE-CVE-2019-6111/	*EXPLOIT*
|     	MSF:ILITIES/SUSE-CVE-2019-25017/	5.8	https://vulners.com/metasploit/MSF:ILITIES/SUSE-CVE-2019-25017/	*EXPLOIT*
|     	MSF:ILITIES/REDHAT_LINUX-CVE-2019-6111/	5.8	https://vulners.com/metasploit/MSF:ILITIES/REDHAT_LINUX-CVE-2019-6111/	*EXPLOIT*
|     	MSF:ILITIES/REDHAT-OPENSHIFT-CVE-2019-6111/	5.8	https://vulners.com/metasploit/MSF:ILITIES/REDHAT-OPENSHIFT-CVE-2019-6111/	*EXPLOIT*
|     	MSF:ILITIES/ORACLE-SOLARIS-CVE-2019-6111/	5.8	https://vulners.com/metasploit/MSF:ILITIES/ORACLE-SOLARIS-CVE-2019-6111/	*EXPLOIT*
|     	MSF:ILITIES/OPENBSD-OPENSSH-CVE-2019-6111/	5.8	https://vulners.com/metasploit/MSF:ILITIES/OPENBSD-OPENSSH-CVE-2019-6111/	*EXPLOIT*
|     	MSF:ILITIES/IBM-AIX-CVE-2019-6111/	5.8	https://vulners.com/metasploit/MSF:ILITIES/IBM-AIX-CVE-2019-6111/	*EXPLOIT*
|     	MSF:ILITIES/HUAWEI-EULEROS-2_0_SP8-CVE-2019-6111/	5.8	https://vulners.com/metasploit/MSF:ILITIES/HUAWEI-EULEROS-2_0_SP8-CVE-2019-6111/	*EXPLOIT*
|     	MSF:ILITIES/HUAWEI-EULEROS-2_0_SP5-CVE-2019-6111/	5.8	https://vulners.com/metasploit/MSF:ILITIES/HUAWEI-EULEROS-2_0_SP5-CVE-2019-6111/	*EXPLOIT*
|     	MSF:ILITIES/HUAWEI-EULEROS-2_0_SP3-CVE-2019-6111/	5.8	https://vulners.com/metasploit/MSF:ILITIES/HUAWEI-EULEROS-2_0_SP3-CVE-2019-6111/	*EXPLOIT*
|     	MSF:ILITIES/HUAWEI-EULEROS-2_0_SP2-CVE-2019-6111/	5.8	https://vulners.com/metasploit/MSF:ILITIES/HUAWEI-EULEROS-2_0_SP2-CVE-2019-6111/	*EXPLOIT*
|     	MSF:ILITIES/GENTOO-LINUX-CVE-2019-6111/	5.8	https://vulners.com/metasploit/MSF:ILITIES/GENTOO-LINUX-CVE-2019-6111/	*EXPLOIT*
|     	MSF:ILITIES/F5-BIG-IP-CVE-2019-6111/	5.8	https://vulners.com/metasploit/MSF:ILITIES/F5-BIG-IP-CVE-2019-6111/	*EXPLOIT*
|     	MSF:ILITIES/DEBIAN-CVE-2019-6111/	5.8	https://vulners.com/metasploit/MSF:ILITIES/DEBIAN-CVE-2019-6111/	*EXPLOIT*
|     	MSF:ILITIES/CENTOS_LINUX-CVE-2019-6111/	5.8	https://vulners.com/metasploit/MSF:ILITIES/CENTOS_LINUX-CVE-2019-6111/	*EXPLOIT*
|     	MSF:ILITIES/AMAZON_LINUX-CVE-2019-6111/	5.8	https://vulners.com/metasploit/MSF:ILITIES/AMAZON_LINUX-CVE-2019-6111/	*EXPLOIT*
|     	MSF:ILITIES/AMAZON-LINUX-AMI-2-CVE-2019-6111/	5.8	https://vulners.com/metasploit/MSF:ILITIES/AMAZON-LINUX-AMI-2-CVE-2019-6111/	*EXPLOIT*
|     	MSF:ILITIES/ALPINE-LINUX-CVE-2019-6111/	5.8	https://vulners.com/metasploit/MSF:ILITIES/ALPINE-LINUX-CVE-2019-6111/	*EXPLOIT*
|     	EXPLOITPACK:98FE96309F9524B8C84C508837551A19	5.8	https://vulners.com/exploitpack/EXPLOITPACK:98FE96309F9524B8C84C508837551A19	*EXPLOIT*
|     	EXPLOITPACK:5330EA02EBDE345BFC9D6DDDD97F9E97	5.8	https://vulners.com/exploitpack/EXPLOITPACK:5330EA02EBDE345BFC9D6DDDD97F9E97	*EXPLOIT*
|     	EDB-ID:46516	5.8	https://vulners.com/exploitdb/EDB-ID:46516	*EXPLOIT*
|     	CVE-2019-6111	5.8	https://vulners.com/cve/CVE-2019-6111
|     	1337DAY-ID-32328	5.8	https://vulners.com/zdt/1337DAY-ID-32328	*EXPLOIT*
|     	1337DAY-ID-32009	5.8	https://vulners.com/zdt/1337DAY-ID-32009	*EXPLOIT*
|     	SSH_ENUM	5.0	https://vulners.com/canvas/SSH_ENUM	*EXPLOIT*
|     	PACKETSTORM:150621	5.0	https://vulners.com/packetstorm/PACKETSTORM:150621	*EXPLOIT*
|     	MSF:AUXILIARY/SCANNER/SSH/SSH_ENUMUSERS	5.0	https://vulners.com/metasploit/MSF:AUXILIARY/SCANNER/SSH/SSH_ENUMUSERS	*EXPLOIT*
|     	EXPLOITPACK:F957D7E8A0CC1E23C3C649B764E13FB0	5.0	https://vulners.com/exploitpack/EXPLOITPACK:F957D7E8A0CC1E23C3C649B764E13FB0	*EXPLOIT*
|     	EXPLOITPACK:EBDBC5685E3276D648B4D14B75563283	5.0	https://vulners.com/exploitpack/EXPLOITPACK:EBDBC5685E3276D648B4D14B75563283	*EXPLOIT*
|     	EDB-ID:45939	5.0	https://vulners.com/exploitdb/EDB-ID:45939	*EXPLOIT*
|     	CVE-2018-15919	5.0	https://vulners.com/cve/CVE-2018-15919
|     	CVE-2018-15473	5.0	https://vulners.com/cve/CVE-2018-15473
|     	CVE-2017-15906	5.0	https://vulners.com/cve/CVE-2017-15906
|     	1337DAY-ID-31730	5.0	https://vulners.com/zdt/1337DAY-ID-31730	*EXPLOIT*
|     	EDB-ID:45233	4.6	https://vulners.com/exploitdb/EDB-ID:45233	*EXPLOIT*
|     	CVE-2021-41617	4.4	https://vulners.com/cve/CVE-2021-41617
|     	MSF:ILITIES/OPENBSD-OPENSSH-CVE-2020-14145/	4.3	https://vulners.com/metasploit/MSF:ILITIES/OPENBSD-OPENSSH-CVE-2020-14145/	*EXPLOIT*
|     	MSF:ILITIES/HUAWEI-EULEROS-2_0_SP9-CVE-2020-14145/	4.3	https://vulners.com/metasploit/MSF:ILITIES/HUAWEI-EULEROS-2_0_SP9-CVE-2020-14145/	*EXPLOIT*
|     	MSF:ILITIES/HUAWEI-EULEROS-2_0_SP8-CVE-2020-14145/	4.3	https://vulners.com/metasploit/MSF:ILITIES/HUAWEI-EULEROS-2_0_SP8-CVE-2020-14145/	*EXPLOIT*
|     	MSF:ILITIES/HUAWEI-EULEROS-2_0_SP5-CVE-2020-14145/	4.3	https://vulners.com/metasploit/MSF:ILITIES/HUAWEI-EULEROS-2_0_SP5-CVE-2020-14145/	*EXPLOIT*
|     	MSF:ILITIES/F5-BIG-IP-CVE-2020-14145/	4.3	https://vulners.com/metasploit/MSF:ILITIES/F5-BIG-IP-CVE-2020-14145/	*EXPLOIT*
|     	CVE-2020-14145	4.3	https://vulners.com/cve/CVE-2020-14145
|     	CVE-2019-6110	4.0	https://vulners.com/cve/CVE-2019-6110
|     	CVE-2019-6109	4.0	https://vulners.com/cve/CVE-2019-6109
|     	CVE-2018-20685	2.6	https://vulners.com/cve/CVE-2018-20685
|     	PACKETSTORM:151227	0.0	https://vulners.com/packetstorm/PACKETSTORM:151227	*EXPLOIT*
|     	EDB-ID:46193	0.0	https://vulners.com/exploitdb/EDB-ID:46193	*EXPLOIT*
|_    	1337DAY-ID-30937	0.0	https://vulners.com/zdt/1337DAY-ID-30937	*EXPLOIT*
80/tcp open  http    Apache httpd 2.4.25 ((Debian))
|_http-csrf: Couldn't find any CSRF vulnerabilities.
|_http-dombased-xss: Couldn't find any DOM based XSS.
|_http-server-header: Apache/2.4.25 (Debian)
|_http-stored-xss: Couldn't find any stored XSS vulnerabilities.
| vulners: 
|   cpe:/a:apache:http_server:2.4.25: 
|     	CVE-2021-39275	7.5	https://vulners.com/cve/CVE-2021-39275
|     	CVE-2021-26691	7.5	https://vulners.com/cve/CVE-2021-26691
|     	CVE-2017-7679	7.5	https://vulners.com/cve/CVE-2017-7679
|     	CVE-2017-7668	7.5	https://vulners.com/cve/CVE-2017-7668
|     	CVE-2017-3169	7.5	https://vulners.com/cve/CVE-2017-3169
|     	CVE-2017-3167	7.5	https://vulners.com/cve/CVE-2017-3167
|     	MSF:ILITIES/REDHAT_LINUX-CVE-2019-0211/	7.2	https://vulners.com/metasploit/MSF:ILITIES/REDHAT_LINUX-CVE-2019-0211/	*EXPLOIT*
|     	MSF:ILITIES/IBM-HTTP_SERVER-CVE-2019-0211/	7.2	https://vulners.com/metasploit/MSF:ILITIES/IBM-HTTP_SERVER-CVE-2019-0211/	*EXPLOIT*
|     	EXPLOITPACK:44C5118F831D55FAF4259C41D8BDA0AB	7.2	https://vulners.com/exploitpack/EXPLOITPACK:44C5118F831D55FAF4259C41D8BDA0AB	*EXPLOIT*
|     	CVE-2019-0211	7.2	https://vulners.com/cve/CVE-2019-0211
|     	1337DAY-ID-32502	7.2	https://vulners.com/zdt/1337DAY-ID-32502	*EXPLOIT*
|     	MSF:ILITIES/UBUNTU-CVE-2018-1312/	6.8	https://vulners.com/metasploit/MSF:ILITIES/UBUNTU-CVE-2018-1312/	*EXPLOIT*
|     	MSF:ILITIES/UBUNTU-CVE-2017-15715/	6.8	https://vulners.com/metasploit/MSF:ILITIES/UBUNTU-CVE-2017-15715/	*EXPLOIT*
|     	MSF:ILITIES/SUSE-CVE-2017-15715/	6.8	https://vulners.com/metasploit/MSF:ILITIES/SUSE-CVE-2017-15715/	*EXPLOIT*
|     	MSF:ILITIES/REDHAT_LINUX-CVE-2017-15715/	6.8	https://vulners.com/metasploit/MSF:ILITIES/REDHAT_LINUX-CVE-2017-15715/	*EXPLOIT*
|     	MSF:ILITIES/ORACLE_LINUX-CVE-2017-15715/	6.8	https://vulners.com/metasploit/MSF:ILITIES/ORACLE_LINUX-CVE-2017-15715/	*EXPLOIT*
|     	MSF:ILITIES/ORACLE-SOLARIS-CVE-2017-15715/	6.8	https://vulners.com/metasploit/MSF:ILITIES/ORACLE-SOLARIS-CVE-2017-15715/	*EXPLOIT*
|     	MSF:ILITIES/IBM-HTTP_SERVER-CVE-2017-15715/	6.8	https://vulners.com/metasploit/MSF:ILITIES/IBM-HTTP_SERVER-CVE-2017-15715/	*EXPLOIT*
|     	MSF:ILITIES/HUAWEI-EULEROS-2_0_SP3-CVE-2018-1312/	6.8	https://vulners.com/metasploit/MSF:ILITIES/HUAWEI-EULEROS-2_0_SP3-CVE-2018-1312/	*EXPLOIT*
|     	MSF:ILITIES/HUAWEI-EULEROS-2_0_SP3-CVE-2017-15715/	6.8	https://vulners.com/metasploit/MSF:ILITIES/HUAWEI-EULEROS-2_0_SP3-CVE-2017-15715/	*EXPLOIT*
|     	MSF:ILITIES/HUAWEI-EULEROS-2_0_SP2-CVE-2018-1312/	6.8	https://vulners.com/metasploit/MSF:ILITIES/HUAWEI-EULEROS-2_0_SP2-CVE-2018-1312/	*EXPLOIT*
|     	MSF:ILITIES/HUAWEI-EULEROS-2_0_SP2-CVE-2017-15715/	6.8	https://vulners.com/metasploit/MSF:ILITIES/HUAWEI-EULEROS-2_0_SP2-CVE-2017-15715/	*EXPLOIT*
|     	MSF:ILITIES/HUAWEI-EULEROS-2_0_SP1-CVE-2018-1312/	6.8	https://vulners.com/metasploit/MSF:ILITIES/HUAWEI-EULEROS-2_0_SP1-CVE-2018-1312/	*EXPLOIT*
|     	MSF:ILITIES/HUAWEI-EULEROS-2_0_SP1-CVE-2017-15715/	6.8	https://vulners.com/metasploit/MSF:ILITIES/HUAWEI-EULEROS-2_0_SP1-CVE-2017-15715/	*EXPLOIT*
|     	MSF:ILITIES/FREEBSD-CVE-2017-15715/	6.8	https://vulners.com/metasploit/MSF:ILITIES/FREEBSD-CVE-2017-15715/	*EXPLOIT*
|     	MSF:ILITIES/DEBIAN-CVE-2017-15715/	6.8	https://vulners.com/metasploit/MSF:ILITIES/DEBIAN-CVE-2017-15715/	*EXPLOIT*
|     	MSF:ILITIES/CENTOS_LINUX-CVE-2017-15715/	6.8	https://vulners.com/metasploit/MSF:ILITIES/CENTOS_LINUX-CVE-2017-15715/	*EXPLOIT*
|     	MSF:ILITIES/APACHE-HTTPD-CVE-2017-15715/	6.8	https://vulners.com/metasploit/MSF:ILITIES/APACHE-HTTPD-CVE-2017-15715/	*EXPLOIT*
|     	MSF:ILITIES/AMAZON_LINUX-CVE-2017-15715/	6.8	https://vulners.com/metasploit/MSF:ILITIES/AMAZON_LINUX-CVE-2017-15715/	*EXPLOIT*
|     	MSF:ILITIES/ALPINE-LINUX-CVE-2018-1312/	6.8	https://vulners.com/metasploit/MSF:ILITIES/ALPINE-LINUX-CVE-2018-1312/	*EXPLOIT*
|     	MSF:ILITIES/ALPINE-LINUX-CVE-2017-15715/	6.8	https://vulners.com/metasploit/MSF:ILITIES/ALPINE-LINUX-CVE-2017-15715/	*EXPLOIT*
|     	FDF3DFA1-ED74-5EE2-BF5C-BA752CA34AE8	6.8	https://vulners.com/githubexploit/FDF3DFA1-ED74-5EE2-BF5C-BA752CA34AE8	*EXPLOIT*
|     	CVE-2021-40438	6.8	https://vulners.com/cve/CVE-2021-40438
|     	CVE-2020-35452	6.8	https://vulners.com/cve/CVE-2020-35452
|     	CVE-2018-1312	6.8	https://vulners.com/cve/CVE-2018-1312
|     	CVE-2017-15715	6.8	https://vulners.com/cve/CVE-2017-15715
|     	4810E2D9-AC5F-5B08-BFB3-DDAFA2F63332	6.8	https://vulners.com/githubexploit/4810E2D9-AC5F-5B08-BFB3-DDAFA2F63332	*EXPLOIT*
|     	CVE-2019-10082	6.4	https://vulners.com/cve/CVE-2019-10082
|     	CVE-2017-9788	6.4	https://vulners.com/cve/CVE-2017-9788
|     	MSF:ILITIES/REDHAT_LINUX-CVE-2019-0217/	6.0	https://vulners.com/metasploit/MSF:ILITIES/REDHAT_LINUX-CVE-2019-0217/	*EXPLOIT*
|     	MSF:ILITIES/IBM-HTTP_SERVER-CVE-2019-0217/	6.0	https://vulners.com/metasploit/MSF:ILITIES/IBM-HTTP_SERVER-CVE-2019-0217/	*EXPLOIT*
|     	CVE-2019-0217	6.0	https://vulners.com/cve/CVE-2019-0217
|     	EDB-ID:47689	5.8	https://vulners.com/exploitdb/EDB-ID:47689	*EXPLOIT*
|     	CVE-2020-1927	5.8	https://vulners.com/cve/CVE-2020-1927
|     	CVE-2019-10098	5.8	https://vulners.com/cve/CVE-2019-10098
|     	1337DAY-ID-33577	5.8	https://vulners.com/zdt/1337DAY-ID-33577	*EXPLOIT*
|     	SSV:96537	5.0	https://vulners.com/seebug/SSV:96537	*EXPLOIT*
|     	MSF:ILITIES/UBUNTU-CVE-2018-1333/	5.0	https://vulners.com/metasploit/MSF:ILITIES/UBUNTU-CVE-2018-1333/	*EXPLOIT*
|     	MSF:ILITIES/UBUNTU-CVE-2018-1303/	5.0	https://vulners.com/metasploit/MSF:ILITIES/UBUNTU-CVE-2018-1303/	*EXPLOIT*
|     	MSF:ILITIES/UBUNTU-CVE-2017-15710/	5.0	https://vulners.com/metasploit/MSF:ILITIES/UBUNTU-CVE-2017-15710/	*EXPLOIT*
|     	MSF:ILITIES/REDHAT_LINUX-CVE-2020-9490/	5.0	https://vulners.com/metasploit/MSF:ILITIES/REDHAT_LINUX-CVE-2020-9490/	*EXPLOIT*
|     	MSF:ILITIES/ORACLE_LINUX-CVE-2020-9490/	5.0	https://vulners.com/metasploit/MSF:ILITIES/ORACLE_LINUX-CVE-2020-9490/	*EXPLOIT*
|     	MSF:ILITIES/ORACLE-SOLARIS-CVE-2020-1934/	5.0	https://vulners.com/metasploit/MSF:ILITIES/ORACLE-SOLARIS-CVE-2020-1934/	*EXPLOIT*
|     	MSF:ILITIES/ORACLE-SOLARIS-CVE-2017-15710/	5.0	https://vulners.com/metasploit/MSF:ILITIES/ORACLE-SOLARIS-CVE-2017-15710/	*EXPLOIT*
|     	MSF:ILITIES/IBM-HTTP_SERVER-CVE-2017-15710/	5.0	https://vulners.com/metasploit/MSF:ILITIES/IBM-HTTP_SERVER-CVE-2017-15710/	*EXPLOIT*
|     	MSF:ILITIES/HUAWEI-EULEROS-2_0_SP9-CVE-2020-9490/	5.0	https://vulners.com/metasploit/MSF:ILITIES/HUAWEI-EULEROS-2_0_SP9-CVE-2020-9490/	*EXPLOIT*
|     	MSF:ILITIES/HUAWEI-EULEROS-2_0_SP8-CVE-2020-9490/	5.0	https://vulners.com/metasploit/MSF:ILITIES/HUAWEI-EULEROS-2_0_SP8-CVE-2020-9490/	*EXPLOIT*
|     	MSF:ILITIES/HUAWEI-EULEROS-2_0_SP3-CVE-2017-15710/	5.0	https://vulners.com/metasploit/MSF:ILITIES/HUAWEI-EULEROS-2_0_SP3-CVE-2017-15710/	*EXPLOIT*
|     	MSF:ILITIES/HUAWEI-EULEROS-2_0_SP2-CVE-2017-15710/	5.0	https://vulners.com/metasploit/MSF:ILITIES/HUAWEI-EULEROS-2_0_SP2-CVE-2017-15710/	*EXPLOIT*
|     	MSF:ILITIES/FREEBSD-CVE-2020-9490/	5.0	https://vulners.com/metasploit/MSF:ILITIES/FREEBSD-CVE-2020-9490/	*EXPLOIT*
|     	MSF:ILITIES/CENTOS_LINUX-CVE-2020-9490/	5.0	https://vulners.com/metasploit/MSF:ILITIES/CENTOS_LINUX-CVE-2020-9490/	*EXPLOIT*
|     	MSF:ILITIES/CENTOS_LINUX-CVE-2017-15710/	5.0	https://vulners.com/metasploit/MSF:ILITIES/CENTOS_LINUX-CVE-2017-15710/	*EXPLOIT*
|     	MSF:ILITIES/APACHE-HTTPD-CVE-2020-9490/	5.0	https://vulners.com/metasploit/MSF:ILITIES/APACHE-HTTPD-CVE-2020-9490/	*EXPLOIT*
|     	MSF:ILITIES/AMAZON-LINUX-AMI-2-CVE-2020-9490/	5.0	https://vulners.com/metasploit/MSF:ILITIES/AMAZON-LINUX-AMI-2-CVE-2020-9490/	*EXPLOIT*
|     	MSF:AUXILIARY/SCANNER/HTTP/APACHE_OPTIONSBLEED	5.0	https://vulners.com/metasploit/MSF:AUXILIARY/SCANNER/HTTP/APACHE_OPTIONSBLEED	*EXPLOIT*
|     	EXPLOITPACK:C8C256BE0BFF5FE1C0405CB0AA9C075D	5.0	https://vulners.com/exploitpack/EXPLOITPACK:C8C256BE0BFF5FE1C0405CB0AA9C075D	*EXPLOIT*
|     	CVE-2021-34798	5.0	https://vulners.com/cve/CVE-2021-34798
|     	CVE-2021-33193	5.0	https://vulners.com/cve/CVE-2021-33193
|     	CVE-2021-26690	5.0	https://vulners.com/cve/CVE-2021-26690
|     	CVE-2020-9490	5.0	https://vulners.com/cve/CVE-2020-9490
|     	CVE-2020-1934	5.0	https://vulners.com/cve/CVE-2020-1934
|     	CVE-2019-17567	5.0	https://vulners.com/cve/CVE-2019-17567
|     	CVE-2019-10081	5.0	https://vulners.com/cve/CVE-2019-10081
|     	CVE-2019-0220	5.0	https://vulners.com/cve/CVE-2019-0220
|     	CVE-2019-0196	5.0	https://vulners.com/cve/CVE-2019-0196
|     	CVE-2018-17199	5.0	https://vulners.com/cve/CVE-2018-17199
|     	CVE-2018-17189	5.0	https://vulners.com/cve/CVE-2018-17189
|     	CVE-2018-1333	5.0	https://vulners.com/cve/CVE-2018-1333
|     	CVE-2018-1303	5.0	https://vulners.com/cve/CVE-2018-1303
|     	CVE-2017-9798	5.0	https://vulners.com/cve/CVE-2017-9798
|     	CVE-2017-7659	5.0	https://vulners.com/cve/CVE-2017-7659
|     	CVE-2017-15710	5.0	https://vulners.com/cve/CVE-2017-15710
|     	1337DAY-ID-28573	5.0	https://vulners.com/zdt/1337DAY-ID-28573	*EXPLOIT*
|     	MSF:ILITIES/ORACLE-SOLARIS-CVE-2019-0197/	4.9	https://vulners.com/metasploit/MSF:ILITIES/ORACLE-SOLARIS-CVE-2019-0197/	*EXPLOIT*
|     	CVE-2019-0197	4.9	https://vulners.com/cve/CVE-2019-0197
|     	MSF:ILITIES/UBUNTU-CVE-2018-1302/	4.3	https://vulners.com/metasploit/MSF:ILITIES/UBUNTU-CVE-2018-1302/	*EXPLOIT*
|     	MSF:ILITIES/UBUNTU-CVE-2018-1301/	4.3	https://vulners.com/metasploit/MSF:ILITIES/UBUNTU-CVE-2018-1301/	*EXPLOIT*
|     	MSF:ILITIES/REDHAT_LINUX-CVE-2020-11993/	4.3	https://vulners.com/metasploit/MSF:ILITIES/REDHAT_LINUX-CVE-2020-11993/	*EXPLOIT*
|     	MSF:ILITIES/HUAWEI-EULEROS-2_0_SP8-CVE-2020-11993/	4.3	https://vulners.com/metasploit/MSF:ILITIES/HUAWEI-EULEROS-2_0_SP8-CVE-2020-11993/	*EXPLOIT*
|     	MSF:ILITIES/DEBIAN-CVE-2019-10092/	4.3	https://vulners.com/metasploit/MSF:ILITIES/DEBIAN-CVE-2019-10092/	*EXPLOIT*
|     	MSF:ILITIES/CENTOS_LINUX-CVE-2020-11993/	4.3	https://vulners.com/metasploit/MSF:ILITIES/CENTOS_LINUX-CVE-2020-11993/	*EXPLOIT*
|     	MSF:ILITIES/APACHE-HTTPD-CVE-2020-11993/	4.3	https://vulners.com/metasploit/MSF:ILITIES/APACHE-HTTPD-CVE-2020-11993/	*EXPLOIT*
|     	MSF:ILITIES/APACHE-HTTPD-CVE-2019-10092/	4.3	https://vulners.com/metasploit/MSF:ILITIES/APACHE-HTTPD-CVE-2019-10092/	*EXPLOIT*
|     	MSF:ILITIES/AMAZON-LINUX-AMI-2-CVE-2020-11993/	4.3	https://vulners.com/metasploit/MSF:ILITIES/AMAZON-LINUX-AMI-2-CVE-2020-11993/	*EXPLOIT*
|     	EDB-ID:47688	4.3	https://vulners.com/exploitdb/EDB-ID:47688	*EXPLOIT*
|     	CVE-2020-11993	4.3	https://vulners.com/cve/CVE-2020-11993
|     	CVE-2019-10092	4.3	https://vulners.com/cve/CVE-2019-10092
|     	CVE-2018-1302	4.3	https://vulners.com/cve/CVE-2018-1302
|     	CVE-2018-1301	4.3	https://vulners.com/cve/CVE-2018-1301
|     	CVE-2018-11763	4.3	https://vulners.com/cve/CVE-2018-11763
|     	4013EC74-B3C1-5D95-938A-54197A58586D	4.3	https://vulners.com/githubexploit/4013EC74-B3C1-5D95-938A-54197A58586D	*EXPLOIT*
|     	1337DAY-ID-35422	4.3	https://vulners.com/zdt/1337DAY-ID-35422	*EXPLOIT*
|     	1337DAY-ID-33575	4.3	https://vulners.com/zdt/1337DAY-ID-33575	*EXPLOIT*
|     	MSF:ILITIES/UBUNTU-CVE-2018-1283/	3.5	https://vulners.com/metasploit/MSF:ILITIES/UBUNTU-CVE-2018-1283/	*EXPLOIT*
|     	MSF:ILITIES/REDHAT_LINUX-CVE-2018-1283/	3.5	https://vulners.com/metasploit/MSF:ILITIES/REDHAT_LINUX-CVE-2018-1283/	*EXPLOIT*
|     	MSF:ILITIES/ORACLE-SOLARIS-CVE-2018-1283/	3.5	https://vulners.com/metasploit/MSF:ILITIES/ORACLE-SOLARIS-CVE-2018-1283/	*EXPLOIT*
|     	MSF:ILITIES/IBM-HTTP_SERVER-CVE-2018-1283/	3.5	https://vulners.com/metasploit/MSF:ILITIES/IBM-HTTP_SERVER-CVE-2018-1283/	*EXPLOIT*
|     	MSF:ILITIES/HUAWEI-EULEROS-2_0_SP2-CVE-2018-1283/	3.5	https://vulners.com/metasploit/MSF:ILITIES/HUAWEI-EULEROS-2_0_SP2-CVE-2018-1283/	*EXPLOIT*
|     	MSF:ILITIES/CENTOS_LINUX-CVE-2018-1283/	3.5	https://vulners.com/metasploit/MSF:ILITIES/CENTOS_LINUX-CVE-2018-1283/	*EXPLOIT*
|     	CVE-2018-1283	3.5	https://vulners.com/cve/CVE-2018-1283
|     	PACKETSTORM:152441	0.0	https://vulners.com/packetstorm/PACKETSTORM:152441	*EXPLOIT*
|     	EDB-ID:46676	0.0	https://vulners.com/exploitdb/EDB-ID:46676	*EXPLOIT*
|     	EDB-ID:42745	0.0	https://vulners.com/exploitdb/EDB-ID:42745	*EXPLOIT*
|     	1337DAY-ID-663	0.0	https://vulners.com/zdt/1337DAY-ID-663	*EXPLOIT*
|     	1337DAY-ID-601	0.0	https://vulners.com/zdt/1337DAY-ID-601	*EXPLOIT*
|     	1337DAY-ID-4533	0.0	https://vulners.com/zdt/1337DAY-ID-4533	*EXPLOIT*
|     	1337DAY-ID-3109	0.0	https://vulners.com/zdt/1337DAY-ID-3109	*EXPLOIT*
|_    	1337DAY-ID-2237	0.0	https://vulners.com/zdt/1337DAY-ID-2237	*EXPLOIT*
MAC Address: 08:00:27:56:6B:C0 (Oracle VirtualBox virtual NIC)
Service Info: OSs: Unix, Linux; CPE: cpe:/o:linux:linux_kernel

Service detection performed. Please report any incorrect results at https://nmap.org/submit/ .
Nmap done: 1 IP address (1 host up) scanned in 39.32 seconds
